# ::id test_amr.289 ::2016-06-07 14:29:43
# ::snt VII 。
# ::tok VII 。
Span 1:  VII => VII
# ::alignments 0-1|0 ::annotator Aligner v.02 ::date 2017-02-21T16:44:45.534
# ::node	0	VII	0-1
# ::root	0	VII
(x1 / VII)

# ::id test_amr.290 ::2016-06-07 14:31:41
# ::snt 第五 天 ， 还是 羊 的 事 ， 把 小 王子 的 生活 秘密 向 我 揭开 了 。
# ::tok 第五 天 , 还是 羊 的 事 , 把 小 王子 的 生活 秘密 向 我 揭开 了 。
Exception in thread "main" java.lang.AssertionError: assertion failed: Could not parse AMR: (x17 / 揭开-01
      :arg0()  (x7 / 事
            :topic(x6)  (x5 / 羊)
            :mod()  (x4 / 还是))
      :arg1(x9)  (x14 / 秘密
            :mod()  (x13 / 生活
                  :poss(x12)  (x11 / 王子
                        :mod()  (x10 / 小))))
      :beneficiary(x15)  (x16 / 我)
      :aspect()  (x18 / 了)
      :time()  (x2 / 天
            :ord()  (x32 / ordinal-entity
                  :value()  (x1 / 5))))
	at scala.Predef$.assert(Predef.scala:179)
	at edu.cmu.lti.nlp.amr.Graph$.parse(Graph.scala:559)
	at edu.cmu.lti.nlp.amr.Aligner$$anonfun$main$1.apply(Aligner.scala:60)
	at edu.cmu.lti.nlp.amr.Aligner$$anonfun$main$1.apply(Aligner.scala:52)
	at scala.collection.Iterator$class.foreach(Iterator.scala:727)
	at scala.collection.AbstractIterator.foreach(Iterator.scala:1157)
	at edu.cmu.lti.nlp.amr.Aligner$.main(Aligner.scala:52)
	at edu.cmu.lti.nlp.amr.Aligner.main(Aligner.scala)
